\BOOKMARK [1][-]{section.1}{Analysis of the dataset}{}% 1
\BOOKMARK [2][-]{subsection.1.1}{Distribution of target variables}{section.1}% 2
\BOOKMARK [3][-]{subsubsection.1.1.1}{Type}{subsection.1.1}% 3
\BOOKMARK [3][-]{subsubsection.1.1.2}{Quality}{subsection.1.1}% 4
\BOOKMARK [2][-]{subsection.1.2}{Correlation analysis}{section.1}% 5
\BOOKMARK [2][-]{subsection.1.3}{Coefficients of determination}{section.1}% 6
\BOOKMARK [2][-]{subsection.1.4}{Effective dependence coefficient}{section.1}% 7
\BOOKMARK [1][-]{section.2}{Logistic Regression}{}% 8
\BOOKMARK [2][-]{subsection.2.1}{Introduction}{section.2}% 9
\BOOKMARK [2][-]{subsection.2.2}{Training and test dataset}{section.2}% 10
\BOOKMARK [2][-]{subsection.2.3}{Models}{section.2}% 11
\BOOKMARK [3][-]{subsubsection.2.3.1}{Full model}{subsection.2.3}% 12
\BOOKMARK [3][-]{subsubsection.2.3.2}{Simpler models}{subsection.2.3}% 13
\BOOKMARK [4][-]{paragraph.2.3.2.1}{Constant model}{subsubsection.2.3.2}% 14
\BOOKMARK [4][-]{paragraph.2.3.2.2}{Two variables model \(95\045 accuracy\)}{subsubsection.2.3.2}% 15
\BOOKMARK [4][-]{paragraph.2.3.2.3}{Five variables model \(99\045 accuracy\)}{subsubsection.2.3.2}% 16
\BOOKMARK [2][-]{subsection.2.4}{Discussion}{section.2}% 17
\BOOKMARK [1][-]{section.3}{Regression}{}% 18
\BOOKMARK [2][-]{subsection.3.1}{Introduction}{section.3}% 19
\BOOKMARK [2][-]{subsection.3.2}{Model fitting}{section.3}% 20
\BOOKMARK [2][-]{subsection.3.3}{Assessing the model: assumptions}{section.3}% 21
\BOOKMARK [2][-]{subsection.3.4}{Alternative model based on the sweetness of wines}{section.3}% 22
\BOOKMARK [2][-]{subsection.3.5}{Evaluation}{section.3}% 23
\BOOKMARK [2][-]{subsection.3.6}{Conclusion}{section.3}% 24
